[2016-12-28 14:27:15][INFO ] irille.pub.bean.PackageBase
初始化模块【class irille.core.sys.Sys】信息...
[2016-12-28 14:27:16][INFO ] irille.pub.bean.PackageBase
初始化模块【class irille.core.lg.Lg】信息...
[2016-12-28 14:27:16][INFO ] irille.pub.bean.PackageBase
初始化模块【class irille.gl.gl.Gl】信息...
[2016-12-28 14:27:16][INFO ] irille.pub.bean.InstallBase
安装模块【class irille.core.lg.Lg_Install:日志模块】数据初始化...
[2016-12-28 14:27:16][INFO ] irille.pub.bean.PackageBase
初始化模块【class irille.core.ms.Ms】信息...
[2016-12-28 14:27:16][INFO ] irille.pub.bean.InstallBase
安装模块【class irille.core.ms.Ms_Install:消息模块】数据初始化...
[2016-12-28 14:27:16][INFO ] irille.pub.bean.PackageBase
初始化模块【class irille.core.prv.Prv】信息...
[2016-12-28 14:27:16][INFO ] irille.pub.bean.InstallBase
安装模块【class irille.core.prv.Prv_Install:权限管理】数据初始化...
[2016-12-28 14:27:16][INFO ] irille.pub.bean.InstallBase
安装模块【class irille.core.sys.Sys_Install:系统模块】数据初始化...
[2016-12-28 14:27:16][INFO ] irille.pub.bean.PackageBase
初始化模块【class irille.gl.frm.Frm】信息...
[2016-12-28 14:27:16][INFO ] irille.pub.bean.InstallBase
安装模块【class irille.gl.frm.Frm_Install:单据模块】数据初始化...
[2016-12-28 14:27:16][INFO ] irille.pub.bean.InstallBase
安装模块【class irille.gl.gl.Gl_Install:财务核算】数据初始化...
[2016-12-28 14:27:16][INFO ] irille.pub.bean.PackageBase
初始化模块【class irille.gl.gs.Gs】信息...
[2016-12-28 14:27:16][INFO ] irille.pub.bean.InstallBase
安装模块【class irille.gl.gs.Gs_Install:库存模块】数据初始化...
[2016-12-28 14:27:16][INFO ] irille.pub.bean.PackageBase
初始化模块【class irille.gl.pya.Pya】信息...
[2016-12-28 14:27:16][INFO ] irille.pub.bean.InstallBase
安装模块【class irille.gl.pya.Pya_Install:应付模块】数据初始化...
[2016-12-28 14:27:16][INFO ] irille.pub.bean.PackageBase
初始化模块【class irille.gl.rp.Rp】信息...
[2016-12-28 14:27:16][INFO ] irille.pub.bean.InstallBase
安装模块【class irille.gl.rp.Rp_Install:出纳模块】数据初始化...
[2016-12-28 14:27:16][INFO ] irille.pub.bean.PackageBase
初始化模块【class irille.gl.rva.Rva】信息...
[2016-12-28 14:27:16][INFO ] irille.pub.bean.InstallBase
安装模块【class irille.gl.rva.Rva_Install:应收模块】数据初始化...
[2016-12-28 14:27:16][INFO ] irille.pub.bean.PackageBase
初始化模块【class irille.pss.cst.Cst】信息...
[2016-12-28 14:27:16][INFO ] irille.pub.bean.InstallBase
安装模块【class irille.pss.cst.Cst_Install:成本核算】数据初始化...
[2016-12-28 14:27:16][INFO ] irille.pub.bean.PackageBase
初始化模块【class irille.pss.lgt.Lgt】信息...
[2016-12-28 14:27:16][INFO ] irille.pub.bean.InstallBase
安装模块【class irille.pss.lgt.Lgt_Install:物流模块】数据初始化...
[2016-12-28 14:27:16][INFO ] irille.pub.bean.PackageBase
初始化模块【class irille.pss.pur.Pur】信息...
[2016-12-28 14:27:16][INFO ] irille.pub.bean.InstallBase
安装模块【class irille.pss.pur.Pur_Install:采购模块】数据初始化...
[2016-12-28 14:27:16][INFO ] irille.pub.bean.PackageBase
初始化模块【class irille.pss.sal.Sal】信息...
[2016-12-28 14:27:16][INFO ] irille.pub.bean.InstallBase
安装模块【class irille.pss.sal.Sal_Install:销售模块】数据初始化...
[2016-12-28 14:27:16][INFO ] irille.pub.bean.InstallBase
    正在安装设置模块【class irille.core.sys.Sys_Install:系统模块】...
[2016-12-28 14:27:16][INFO ] irille.pub.svr.DbPool
DbPool初始化开始
[2016-12-28 14:27:16][INFO ] snaq.db.ConnectionPoolManager
Loaded ConnectionPoolManager properties with encoding UTF-8
[2016-12-28 14:27:16][INFO ] snaq.db.ConnectionPoolManager.irille
irille: Created pool irille (minpool=0,maxpool=100,maxsize=100,idleTimeout=60)
[2016-12-28 14:27:16][INFO ] irille.pub.svr.DbPool
DbPool初始化成功
[2016-12-28 14:27:16][INFO ] irille.pub.svr.DbPool
init poolManager end...
[2016-12-28 14:27:16][INFO ] snaq.db.ConnectionPool.irille
irille: Getting connection (user/password): jdbc:mysql://localhost:3306/erp?useUnicode=true&characterEncoding=UTF8
[2016-12-28 14:27:17][INFO ] snaq.db.ConnectionPool.irille
irille: Created a new connection
[2016-12-28 14:27:17][INFO ] irille.pub.bean.InstallBase
    模块【系统模块】设置完成...
[2016-12-28 14:27:17][INFO ] irille.pub.bean.InstallBase
    正在安装设置模块【class irille.core.lg.Lg_Install:日志模块】...
[2016-12-28 14:27:17][INFO ] irille.pub.bean.InstallBase
    模块【日志模块】设置完成...
[2016-12-28 14:27:17][INFO ] irille.pub.bean.InstallBase
    正在安装设置模块【class irille.core.prv.Prv_Install:权限管理】...
[2016-12-28 14:27:17][INFO ] irille.pub.bean.InstallBase
    模块【权限管理】设置完成...
[2016-12-28 14:27:17][INFO ] irille.pub.bean.InstallBase
    正在安装设置模块【class irille.gl.frm.Frm_Install:单据模块】...
[2016-12-28 14:27:17][INFO ] irille.pub.bean.InstallBase
    模块【单据模块】设置完成...
[2016-12-28 14:27:17][INFO ] irille.pub.bean.InstallBase
    正在安装设置模块【class irille.gl.gl.Gl_Install:财务核算】...
[2016-12-28 14:27:17][INFO ] irille.pub.bean.InstallBase
    模块【财务核算】设置完成...
[2016-12-28 14:27:17][INFO ] irille.pub.bean.InstallBase
    正在安装设置模块【class irille.gl.gs.Gs_Install:库存模块】...
[2016-12-28 14:27:17][INFO ] irille.pub.bean.InstallBase
    模块【库存模块】设置完成...
[2016-12-28 14:27:17][INFO ] irille.pub.bean.InstallBase
    正在安装设置模块【class irille.gl.rp.Rp_Install:出纳模块】...
[2016-12-28 14:27:17][INFO ] irille.pub.bean.InstallBase
    模块【出纳模块】设置完成...
[2016-12-28 14:27:17][INFO ] irille.pub.bean.InstallBase
    正在安装设置模块【class irille.gl.pya.Pya_Install:应付模块】...
[2016-12-28 14:27:17][INFO ] irille.pub.bean.InstallBase
    模块【应付模块】设置完成...
[2016-12-28 14:27:17][INFO ] irille.pub.bean.InstallBase
    正在安装设置模块【class irille.gl.rva.Rva_Install:应收模块】...
[2016-12-28 14:27:18][INFO ] irille.pub.bean.InstallBase
    模块【应收模块】设置完成...
[2016-12-28 14:27:18][INFO ] irille.pub.bean.InstallBase
    正在安装设置模块【class irille.pss.cst.Cst_Install:成本核算】...
[2016-12-28 14:27:18][INFO ] irille.pub.bean.InstallBase
    模块【成本核算】设置完成...
[2016-12-28 14:27:18][INFO ] irille.pub.bean.InstallBase
    正在安装设置模块【class irille.pss.pur.Pur_Install:采购模块】...
[2016-12-28 14:27:18][INFO ] irille.pub.bean.InstallBase
    模块【采购模块】设置完成...
[2016-12-28 14:27:18][INFO ] irille.pub.bean.InstallBase
    正在安装设置模块【class irille.pss.sal.Sal_Install:销售模块】...
[2016-12-28 14:27:18][INFO ] irille.pub.bean.InstallBase
    模块【销售模块】设置完成...
[2016-12-28 14:27:18][INFO ] snaq.db.ConnectionPool.irille
irille: Destroyed connection
[2016-12-28 15:11:22][INFO ] irille.pub.bean.PackageBase
初始化模块【class irille.core.sys.Sys】信息...
[2016-12-28 15:11:22][INFO ] irille.pub.bean.PackageBase
初始化模块【class irille.core.lg.Lg】信息...
[2016-12-28 15:11:22][INFO ] irille.pub.bean.PackageBase
初始化模块【class irille.gl.gl.Gl】信息...
[2016-12-28 15:11:22][ERROR] irille.pub.FileTools
readFileErr:读文件[D:\dev\workspace\erp\src\irille\pss\sal\SalCollect.java]出错!
[2016-12-28 15:12:00][INFO ] irille.pub.bean.PackageBase
初始化模块【class irille.core.sys.Sys】信息...
[2016-12-28 15:12:00][INFO ] irille.pub.bean.PackageBase
初始化模块【class irille.core.lg.Lg】信息...
[2016-12-28 15:12:00][INFO ] irille.pub.bean.PackageBase
初始化模块【class irille.gl.gl.Gl】信息...
[2016-12-28 15:12:00][ERROR] irille.pub.FileTools
readFileErr:读文件[D:\dev\workspace\erp\src\irille\pss\sal\SalCollect.java]出错!
